#
# A fatal error has been detected by the Java Runtime Environment:
#
#  Internal Error (0xc000000d), pid=20920, tid=0x0000000000005340
#
# JRE version: Java(TM) SE Runtime Environment (8.0_161-b12) (build 1.8.0_161-b12)
# Java VM: Java HotSpot(TM) 64-Bit Server VM (25.161-b12 mixed mode windows-amd64 compressed oops)
# Problematic frame:
# C  [ntdll.dll+0x10b290]
#
# Failed to write core dump. Minidumps are not enabled by default on client versions of Windows
#
# If you would like to submit a bug report, please visit:
#   http://bugreport.java.com/bugreport/crash.jsp
#

---------------  T H R E A D  ---------------

Current thread (0x0000000019b08800):  VMThread [stack: 0x000000001b7e0000,0x000000001b8e0000] [id=21312]

siginfo: ExceptionCode=0xc000000d

Registers:
RAX=0x00007ffbc62a16d0, RBX=0x0000000000000001, RCX=0x0000ebc32a120064, RDX=0x00007ffbc62a16d0
RSP=0x000000001b8dedd0, RBP=0x000000001f2ce940, RSI=0x000000001f2ceb78, RDI=0x000000001f2bb650
R8 =0x0000000070814e7e, R9 =0x000000001b8decc0, R10=0x00000000707e20da, R11=0x0000000000000000
R12=0x00007ffbbe5b6680, R13=0x0000000000000001, R14=0x000000001f2af500, R15=0x000000001f2af500
RIP=0x00007ffbc636b290, EFLAGS=0x0000000000000206

Top of Stack: (sp=0x000000001b8dedd0)
0x000000001b8dedd0:   0000000000000057 0000000000000001
0x000000001b8dede0:   000000001f2ceb78 000000001f2bb650
0x000000001b8dedf0:   00000000c000000d 0000000000000000
0x000000001b8dee00:   00007ffbc636b290 0000000000000000
0x000000001b8dee10:   0000000000000000 0000000000000000
0x000000001b8dee20:   0000000000000000 0000000000000000
0x000000001b8dee30:   0000000000000000 0000000000000000
0x000000001b8dee40:   0000000000000000 0000000000000000
0x000000001b8dee50:   0000000000000000 0000000000000000
0x000000001b8dee60:   0000000000000000 0000000000000000
0x000000001b8dee70:   0000000000000000 0000000000000000
0x000000001b8dee80:   0000000000000000 00007ffb00000000
0x000000001b8dee90:   0000ebc32a1205a4 000000001f2bb650
0x000000001b8deea0:   000000001f2ceb78 00007ffbbe5b4907
0x000000001b8deeb0:   000000001f2bb650 000000001f2af500
0x000000001b8deec0:   0000000000000000 00007ffbc32ce074 

Instructions: (pc=0x00007ffbc636b290)
0x00007ffbc636b270:   bc f9 ff c7 44 24 20 0d 00 00 c0 b9 57 00 00 00
0x00007ffbc636b280:   e8 0b 64 f3 ff 90 48 8d 4c 24 20 e8 50 01 f1 ff
0x00007ffbc636b290:   eb 00 48 8b 8c 24 c0 00 00 00 48 33 cc e8 2e 5c
0x00007ffbc636b2a0:   f8 ff 48 81 c4 d8 00 00 00 c3 40 55 48 83 ec 20 


Register to memory mapping:

RAX=0x00007ffbc62a16d0 is an unknown value
RBX=0x0000000000000001 is an unknown value
RCX=0x0000ebc32a120064 is an unknown value
RDX=0x00007ffbc62a16d0 is an unknown value
RSP=0x000000001b8dedd0 is an unknown value
RBP=0x000000001f2ce940 is an unknown value
RSI=0x000000001f2ceb78 is an unknown value
RDI=0x000000001f2bb650 is an unknown value
R8 =0x0000000070814e7e is an unknown value
R9 =0x000000001b8decc0 is an unknown value
R10=0x00000000707e20da is an unknown value
R11=0x0000000000000000 is an unknown value
R12=0x00007ffbbe5b6680 is an unknown value
R13=0x0000000000000001 is an unknown value
R14=0x000000001f2af500 is an unknown value
R15=0x000000001f2af500 is an unknown value


Stack: [0x000000001b7e0000,0x000000001b8e0000],  sp=0x000000001b8dedd0,  free space=1019k
Native frames: (J=compiled Java code, j=interpreted, Vv=VM code, C=native code)
C  [ntdll.dll+0x10b290]
C  [RTWorkQ.DLL+0x4907]
C  [RTWorkQ.DLL+0x9e49]
C  [RTWorkQ.DLL+0x7565]
C  [MFPlat.DLL+0x1d65b]
C  [MFReadWrite.dll+0x16348]
C  [MFReadWrite.dll+0xfb0d]
C  [MFReadWrite.dll+0xf863]
C  [mfksproxy.dll+0x19600]
C  [mfksproxy.dll+0x18199]
C  [mfksproxy.dll+0x6eeb]
C  [quartz.dll+0x42e19]
C  [quartz.dll+0x553ef]
C  [quartz.dll+0x57932]
C  [quartz.dll+0x56d75]
C  [opencv_java341.dll+0x1c5dcac]
C  [opencv_java341.dll+0x20dc6c0]
C  [opencv_java341.dll+0x2011eac]
C  [opencv_java341.dll+0x2011bf1]
C  [opencv_java341.dll+0x2011f99]
C  [opencv_java341.dll+0x200eefc]
C  [opencv_java341.dll+0x200ee65]
C  [opencv_java341.dll+0x200efff]
C  [opencv_java341.dll+0x1fc534b]
C  [opencv_java341.dll+0x1fc5032]
C  [opencv_java341.dll+0x1fc5128]
C  [ntdll.dll+0x11493]
C  [ntdll.dll+0x40755]
C  [ntdll.dll+0x40614]
C  [KERNEL32.DLL+0xf06a]
C  [msvcr100.dll+0x20ccd]
V  [jvm.dll+0x212e95]
V  [jvm.dll+0x24c227]
V  [jvm.dll+0x24b4c6]
V  [jvm.dll+0x24b961]
V  [jvm.dll+0x24bb7e]
V  [jvm.dll+0x29cc4a]
C  [msvcr100.dll+0x21d9f]
C  [msvcr100.dll+0x21e3b]
C  [KERNEL32.DLL+0x11fe4]
C  [ntdll.dll+0x6f061]

VM_Operation (0x000000001ee4d290): Exit, mode: safepoint, requested by thread 0x000000001cae5000


---------------  P R O C E S S  ---------------

Java Threads: ( => current thread )
  0x000000001cae5000 JavaThread "AWT-EventQueue-0" [_thread_blocked, id=7116, stack(0x000000001ed50000,0x000000001ee50000)]
  0x000000001ca85000 JavaThread "AWT-Shutdown" [_thread_blocked, id=2560, stack(0x000000001d380000,0x000000001d480000)]
  0x000000001ca7b000 JavaThread "Java2D Disposer" daemon [_thread_blocked, id=22384, stack(0x000000001d210000,0x000000001d310000)]
  0x000000001baa2000 JavaThread "Service Thread" daemon [_thread_blocked, id=19508, stack(0x000000001c6d0000,0x000000001c7d0000)]
  0x000000001ba13000 JavaThread "C1 CompilerThread3" daemon [_thread_blocked, id=21112, stack(0x000000001c5d0000,0x000000001c6d0000)]
  0x000000001ba0e800 JavaThread "C2 CompilerThread2" daemon [_thread_blocked, id=19008, stack(0x000000001c4d0000,0x000000001c5d0000)]
  0x000000001ba0c800 JavaThread "C2 CompilerThread1" daemon [_thread_blocked, id=20188, stack(0x000000001c3d0000,0x000000001c4d0000)]
  0x000000001ba0a800 JavaThread "C2 CompilerThread0" daemon [_thread_blocked, id=10344, stack(0x000000001c2d0000,0x000000001c3d0000)]
  0x000000001ba07000 JavaThread "Attach Listener" daemon [_thread_blocked, id=10468, stack(0x000000001c1d0000,0x000000001c2d0000)]
  0x000000001ba06000 JavaThread "Signal Dispatcher" daemon [_thread_blocked, id=9272, stack(0x000000001c0d0000,0x000000001c1d0000)]
  0x0000000004b39000 JavaThread "Finalizer" daemon [_thread_blocked, id=14308, stack(0x000000001bde0000,0x000000001bee0000)]
  0x0000000004b38000 JavaThread "Reference Handler" daemon [_thread_blocked, id=21020, stack(0x000000001b8e0000,0x000000001b9e0000)]
  0x0000000004a3e000 JavaThread "main" [_thread_blocked, id=16848, stack(0x00000000048c0000,0x00000000049c0000)]

Other Threads:
=>0x0000000019b08800 VMThread [stack: 0x000000001b7e0000,0x000000001b8e0000] [id=21312]

VM state:at safepoint (shutting down)

VM Mutex/Monitor currently owned by a thread:  ([mutex/lock_event])
[0x0000000004a3ccb0] Threads_lock - owner thread: 0x0000000019b08800

Heap:
 PSYoungGen      total 31232K, used 20378K [0x00000000d5b80000, 0x00000000d8980000, 0x0000000100000000)
  eden space 30720K, 65% used [0x00000000d5b80000,0x00000000d6f36ab8,0x00000000d7980000)
  from space 512K, 37% used [0x00000000d7a00000,0x00000000d7a30000,0x00000000d7a80000)
  to   space 8192K, 0% used [0x00000000d8180000,0x00000000d8180000,0x00000000d8980000)
 ParOldGen       total 87552K, used 45756K [0x0000000081200000, 0x0000000086780000, 0x00000000d5b80000)
  object space 87552K, 52% used [0x0000000081200000,0x0000000083eaf230,0x0000000086780000)
 Metaspace       used 11125K, capacity 11334K, committed 11648K, reserved 1058816K
  class space    used 1248K, capacity 1326K, committed 1408K, reserved 1048576K

Card table byte_map: [0x0000000013f00000,0x0000000014300000] byte_map_base: 0x0000000013af7000

Marking Bits: (ParMarkBitMap*) 0x000000006f07f860
 Begin Bits: [0x0000000014db0000, 0x0000000016d68000)
 End Bits:   [0x0000000016d68000, 0x0000000018d20000)

Polling page: 0x0000000003050000

CodeCache: size=245760Kb used=4974Kb max_used=4974Kb free=240785Kb
 bounds [0x0000000004b40000, 0x0000000005020000, 0x0000000013b40000]
 total_blobs=2073 nmethods=1406 adapters=579
 compilation: enabled

Compilation events (10 events):
Event: 10.886 Thread 0x000000001ba13000 1402       3       java.awt.Component::setLocation (7 bytes)
Event: 10.886 Thread 0x000000001ba13000 nmethod 1402 0x0000000004fff3d0 code [0x0000000004fff540, 0x0000000004fff748]
Event: 10.886 Thread 0x000000001ba13000 1403       3       javax.swing.plaf.basic.BasicHTML::isHTMLString (49 bytes)
Event: 10.888 Thread 0x000000001ba13000 nmethod 1403 0x000000000501b450 code [0x000000000501b620, 0x000000000501be58]
Event: 10.888 Thread 0x000000001ba13000 1404       3       sun.java2d.SunGraphics2D::drawImage (15 bytes)
Event: 10.889 Thread 0x000000001ba13000 nmethod 1404 0x0000000004ff9710 code [0x0000000004ff9880, 0x0000000004ff9a88]
Event: 10.889 Thread 0x000000001ba13000 1405   !   3       sun.java2d.SunGraphics2D::drawImage (197 bytes)
Event: 10.892 Thread 0x000000001ba13000 nmethod 1405 0x000000000501c150 code [0x000000000501c3e0, 0x000000000501dae8]
Event: 10.892 Thread 0x000000001ba13000 1406       3       javax.swing.JRootPane$RootLayout::invalidateLayout (1 bytes)
Event: 10.892 Thread 0x000000001ba13000 nmethod 1406 0x0000000004fdb710 code [0x0000000004fdb860, 0x0000000004fdb9b0]

GC Heap History (10 events):
Event: 6.687 GC heap before
{Heap before GC invocations=5 (full 0):
 PSYoungGen      total 38400K, used 36340K [0x00000000d5b80000, 0x00000000d8600000, 0x0000000100000000)
  eden space 33280K, 99% used [0x00000000d5b80000,0x00000000d7bbe038,0x00000000d7c00000)
  from space 5120K, 64% used [0x00000000d8100000,0x00000000d843f030,0x00000000d8600000)
  to   space 5120K, 0% used [0x00000000d7c00000,0x00000000d7c00000,0x00000000d8100000)
 ParOldGen       total 87552K, used 30457K [0x0000000081200000, 0x0000000086780000, 0x00000000d5b80000)
  object space 87552K, 34% used [0x0000000081200000,0x0000000082fbe520,0x0000000086780000)
 Metaspace       used 10898K, capacity 11134K, committed 11392K, reserved 1058816K
  class space    used 1248K, capacity 1326K, committed 1408K, reserved 1048576K
Event: 6.693 GC heap after
Heap after GC invocations=5 (full 0):
 PSYoungGen      total 37888K, used 3892K [0x00000000d5b80000, 0x00000000d8c80000, 0x0000000100000000)
  eden space 32768K, 0% used [0x00000000d5b80000,0x00000000d5b80000,0x00000000d7b80000)
  from space 5120K, 76% used [0x00000000d7c00000,0x00000000d7fcd050,0x00000000d8100000)
  to   space 8704K, 0% used [0x00000000d8400000,0x00000000d8400000,0x00000000d8c80000)
 ParOldGen       total 87552K, used 30465K [0x0000000081200000, 0x0000000086780000, 0x00000000d5b80000)
  object space 87552K, 34% used [0x0000000081200000,0x0000000082fc0520,0x0000000086780000)
 Metaspace       used 10898K, capacity 11134K, committed 11392K, reserved 1058816K
  class space    used 1248K, capacity 1326K, committed 1408K, reserved 1048576K
}
Event: 7.840 GC heap before
{Heap before GC invocations=6 (full 0):
 PSYoungGen      total 37888K, used 36660K [0x00000000d5b80000, 0x00000000d8c80000, 0x0000000100000000)
  eden space 32768K, 100% used [0x00000000d5b80000,0x00000000d7b80000,0x00000000d7b80000)
  from space 5120K, 76% used [0x00000000d7c00000,0x00000000d7fcd050,0x00000000d8100000)
  to   space 8704K, 0% used [0x00000000d8400000,0x00000000d8400000,0x00000000d8c80000)
 ParOldGen       total 87552K, used 39168K [0x0000000081200000, 0x0000000086780000, 0x00000000d5b80000)
  object space 87552K, 44% used [0x0000000081200000,0x00000000838403a0,0x0000000086780000)
 Metaspace       used 11008K, capacity 11206K, committed 11392K, reserved 1058816K
  class space    used 1248K, capacity 1326K, committed 1408K, reserved 1048576K
Event: 7.847 GC heap after
Heap after GC invocations=6 (full 0):
 PSYoungGen      total 40448K, used 1840K [0x00000000d5b80000, 0x00000000d8c00000, 0x0000000100000000)
  eden space 32256K, 0% used [0x00000000d5b80000,0x00000000d5b80000,0x00000000d7b00000)
  from space 8192K, 22% used [0x00000000d8400000,0x00000000d85cc010,0x00000000d8c00000)
  to   space 8704K, 0% used [0x00000000d7b00000,0x00000000d7b00000,0x00000000d8380000)
 ParOldGen       total 87552K, used 39176K [0x0000000081200000, 0x0000000086780000, 0x00000000d5b80000)
  object space 87552K, 44% used [0x0000000081200000,0x00000000838423a0,0x0000000086780000)
 Metaspace       used 11008K, capacity 11206K, committed 11392K, reserved 1058816K
  class space    used 1248K, capacity 1326K, committed 1408K, reserved 1048576K
}
Event: 8.740 GC heap before
{Heap before GC invocations=7 (full 0):
 PSYoungGen      total 40448K, used 34038K [0x00000000d5b80000, 0x00000000d8c00000, 0x0000000100000000)
  eden space 32256K, 99% used [0x00000000d5b80000,0x00000000d7af1ab8,0x00000000d7b00000)
  from space 8192K, 22% used [0x00000000d8400000,0x00000000d85cc010,0x00000000d8c00000)
  to   space 8704K, 0% used [0x00000000d7b00000,0x00000000d7b00000,0x00000000d8380000)
 ParOldGen       total 87552K, used 39176K [0x0000000081200000, 0x0000000086780000, 0x00000000d5b80000)
  object space 87552K, 44% used [0x0000000081200000,0x00000000838423a0,0x0000000086780000)
 Metaspace       used 11029K, capacity 11270K, committed 11392K, reserved 1058816K
  class space    used 1248K, capacity 1326K, committed 1408K, reserved 1048576K
Event: 8.743 GC heap after
Heap after GC invocations=7 (full 0):
 PSYoungGen      total 33280K, used 1488K [0x00000000d5b80000, 0x00000000d8b80000, 0x0000000100000000)
  eden space 31744K, 0% used [0x00000000d5b80000,0x00000000d5b80000,0x00000000d7a80000)
  from space 1536K, 96% used [0x00000000d7b00000,0x00000000d7c74020,0x00000000d7c80000)
  to   space 8704K, 0% used [0x00000000d8300000,0x00000000d8300000,0x00000000d8b80000)
 ParOldGen       total 87552K, used 40857K [0x0000000081200000, 0x0000000086780000, 0x00000000d5b80000)
  object space 87552K, 46% used [0x0000000081200000,0x00000000839e6410,0x0000000086780000)
 Metaspace       used 11029K, capacity 11270K, committed 11392K, reserved 1058816K
  class space    used 1248K, capacity 1326K, committed 1408K, reserved 1048576K
}
Event: 9.618 GC heap before
{Heap before GC invocations=8 (full 0):
 PSYoungGen      total 33280K, used 32971K [0x00000000d5b80000, 0x00000000d8b80000, 0x0000000100000000)
  eden space 31744K, 99% used [0x00000000d5b80000,0x00000000d7a3ee08,0x00000000d7a80000)
  from space 1536K, 96% used [0x00000000d7b00000,0x00000000d7c74020,0x00000000d7c80000)
  to   space 8704K, 0% used [0x00000000d8300000,0x00000000d8300000,0x00000000d8b80000)
 ParOldGen       total 87552K, used 41757K [0x0000000081200000, 0x0000000086780000, 0x00000000d5b80000)
  object space 87552K, 47% used [0x0000000081200000,0x0000000083ac7420,0x0000000086780000)
 Metaspace       used 11040K, capacity 11270K, committed 11392K, reserved 1058816K
  class space    used 1248K, capacity 1326K, committed 1408K, reserved 1048576K
Event: 9.622 GC heap after
Heap after GC invocations=8 (full 0):
 PSYoungGen      total 38400K, used 3888K [0x00000000d5b80000, 0x00000000d8a00000, 0x0000000100000000)
  eden space 31232K, 0% used [0x00000000d5b80000,0x00000000d5b80000,0x00000000d7a00000)
  from space 7168K, 54% used [0x00000000d8300000,0x00000000d86cc060,0x00000000d8a00000)
  to   space 8192K, 0% used [0x00000000d7a00000,0x00000000d7a00000,0x00000000d8200000)
 ParOldGen       total 87552K, used 41821K [0x0000000081200000, 0x0000000086780000, 0x00000000d5b80000)
  object space 87552K, 47% used [0x0000000081200000,0x0000000083ad7420,0x0000000086780000)
 Metaspace       used 11040K, capacity 11270K, committed 11392K, reserved 1058816K
  class space    used 1248K, capacity 1326K, committed 1408K, reserved 1048576K
}
Event: 10.568 GC heap before
{Heap before GC invocations=9 (full 0):
 PSYoungGen      total 38400K, used 35120K [0x00000000d5b80000, 0x00000000d8a00000, 0x0000000100000000)
  eden space 31232K, 100% used [0x00000000d5b80000,0x00000000d7a00000,0x00000000d7a00000)
  from space 7168K, 54% used [0x00000000d8300000,0x00000000d86cc060,0x00000000d8a00000)
  to   space 8192K, 0% used [0x00000000d7a00000,0x00000000d7a00000,0x00000000d8200000)
 ParOldGen       total 87552K, used 45724K [0x0000000081200000, 0x0000000086780000, 0x00000000d5b80000)
  object space 87552K, 52% used [0x0000000081200000,0x0000000083ea7230,0x0000000086780000)
 Metaspace       used 11084K, capacity 11270K, committed 11392K, reserved 1058816K
  class space    used 1248K, capacity 1326K, committed 1408K, reserved 1048576K
Event: 10.571 GC heap after
Heap after GC invocations=9 (full 0):
 PSYoungGen      total 31232K, used 192K [0x00000000d5b80000, 0x00000000d8980000, 0x0000000100000000)
  eden space 30720K, 0% used [0x00000000d5b80000,0x00000000d5b80000,0x00000000d7980000)
  from space 512K, 37% used [0x00000000d7a00000,0x00000000d7a30000,0x00000000d7a80000)
  to   space 8192K, 0% used [0x00000000d8180000,0x00000000d8180000,0x00000000d8980000)
 ParOldGen       total 87552K, used 45756K [0x0000000081200000, 0x0000000086780000, 0x00000000d5b80000)
  object space 87552K, 52% used [0x0000000081200000,0x0000000083eaf230,0x0000000086780000)
 Metaspace       used 11084K, capacity 11270K, committed 11392K, reserved 1058816K
  class space    used 1248K, capacity 1326K, committed 1408K, reserved 1048576K
}

Deoptimization events (10 events):
Event: 0.143 Thread 0x0000000004a3e000 Uncommon trap: reason=unstable_if action=reinterpret pc=0x0000000004c63878 method=java.lang.String.hashCode()I @ 14
Event: 1.948 Thread 0x0000000004a3e000 Uncommon trap: reason=class_check action=maybe_recompile pc=0x0000000004d66c3c method=java.util.HashMap.putVal(ILjava/lang/Object;Ljava/lang/Object;ZZ)Ljava/lang/Object; @ 203
Event: 1.948 Thread 0x0000000004a3e000 Uncommon trap: reason=class_check action=maybe_recompile pc=0x0000000004d66c3c method=java.util.HashMap.putVal(ILjava/lang/Object;Ljava/lang/Object;ZZ)Ljava/lang/Object; @ 203
Event: 1.948 Thread 0x0000000004a3e000 Uncommon trap: reason=class_check action=maybe_recompile pc=0x0000000004d66c3c method=java.util.HashMap.putVal(ILjava/lang/Object;Ljava/lang/Object;ZZ)Ljava/lang/Object; @ 203
Event: 1.949 Thread 0x0000000004a3e000 Uncommon trap: reason=class_check action=maybe_recompile pc=0x0000000004d66c3c method=java.util.HashMap.putVal(ILjava/lang/Object;Ljava/lang/Object;ZZ)Ljava/lang/Object; @ 203
Event: 1.958 Thread 0x0000000004a3e000 Uncommon trap: reason=unstable_if action=reinterpret pc=0x0000000004d3aa38 method=java.lang.CharacterData.of(I)Ljava/lang/CharacterData; @ 4
Event: 1.992 Thread 0x0000000004a3e000 Uncommon trap: reason=unstable_if action=reinterpret pc=0x0000000004ddb3f4 method=java.lang.Character.isSurrogate(C)Z @ 3
Event: 2.150 Thread 0x0000000004a3e000 Uncommon trap: reason=unstable_if action=reinterpret pc=0x0000000004e16d20 method=src.com.crimsonvision.Panel.matToBufferedImage(Lorg/opencv/core/Mat;)Ljava/awt/image/BufferedImage; @ 120
Event: 2.153 Thread 0x0000000004a3e000 Uncommon trap: reason=unstable_if action=reinterpret pc=0x0000000004e1421c method=sun.awt.image.ByteInterleavedRaster.putByteData(IIII[B)V @ 446
Event: 2.439 Thread 0x000000001cae5000 Uncommon trap: reason=unstable_if action=reinterpret pc=0x0000000004e0e140 method=java.lang.ref.SoftReference.get()Ljava/lang/Object; @ 17

Classes redefined (0 events):
No events

Internal exceptions (10 events):
Event: 0.042 Thread 0x0000000004a3e000 Exception <a 'java/lang/NoSuchMethodError': Method sun.misc.Unsafe.defineClass(Ljava/lang/String;[BII)Ljava/lang/Class; name or signature does not match> (0x00000000d5b87ca0) thrown at [C:\re\workspace\8-2-build-windows-amd64-cygwin\jdk8u161\10277\hotspot
Event: 0.043 Thread 0x0000000004a3e000 Exception <a 'java/lang/NoSuchMethodError': Method sun.misc.Unsafe.prefetchRead(Ljava/lang/Object;J)V name or signature does not match> (0x00000000d5b87f88) thrown at [C:\re\workspace\8-2-build-windows-amd64-cygwin\jdk8u161\10277\hotspot\src\share\vm\prim
Event: 0.175 Thread 0x0000000004a3e000 Exception <a 'java/security/PrivilegedActionException'> (0x00000000d5d4e620) thrown at [C:\re\workspace\8-2-build-windows-amd64-cygwin\jdk8u161\10277\hotspot\src\share\vm\prims\jvm.cpp, line 1390]
Event: 0.175 Thread 0x0000000004a3e000 Exception <a 'java/security/PrivilegedActionException'> (0x00000000d5d4e830) thrown at [C:\re\workspace\8-2-build-windows-amd64-cygwin\jdk8u161\10277\hotspot\src\share\vm\prims\jvm.cpp, line 1390]
Event: 0.176 Thread 0x0000000004a3e000 Exception <a 'java/security/PrivilegedActionException'> (0x00000000d5d524a0) thrown at [C:\re\workspace\8-2-build-windows-amd64-cygwin\jdk8u161\10277\hotspot\src\share\vm\prims\jvm.cpp, line 1390]
Event: 0.176 Thread 0x0000000004a3e000 Exception <a 'java/security/PrivilegedActionException'> (0x00000000d5d526b0) thrown at [C:\re\workspace\8-2-build-windows-amd64-cygwin\jdk8u161\10277\hotspot\src\share\vm\prims\jvm.cpp, line 1390]
Event: 0.180 Thread 0x0000000004a3e000 Exception <a 'java/io/FileNotFoundException'> (0x00000000d5d547b8) thrown at [C:\re\workspace\8-2-build-windows-amd64-cygwin\jdk8u161\10277\hotspot\src\share\vm\prims\jni.cpp, line 709]
Event: 0.218 Thread 0x0000000004a3e000 Exception <a 'java/lang/NoSuchFieldError': method resolution failed> (0x00000000d5e24e68) thrown at [C:\re\workspace\8-2-build-windows-amd64-cygwin\jdk8u161\10277\hotspot\src\share\vm\prims\methodHandles.cpp, line 1167]
Event: 0.219 Thread 0x0000000004a3e000 Exception <a 'java/lang/NoSuchFieldError': method resolution failed> (0x00000000d5e32238) thrown at [C:\re\workspace\8-2-build-windows-amd64-cygwin\jdk8u161\10277\hotspot\src\share\vm\prims\methodHandles.cpp, line 1167]
Event: 0.265 Thread 0x0000000004a3e000 Exception <a 'java/io/FileNotFoundException'> (0x00000000d5eca1a8) thrown at [C:\re\workspace\8-2-build-windows-amd64-cygwin\jdk8u161\10277\hotspot\src\share\vm\prims\jni.cpp, line 709]

Events (10 events):
Event: 9.616 Executing VM operation: ParallelGCSystemGC
Event: 9.622 Executing VM operation: ParallelGCSystemGC done
Event: 10.568 Executing VM operation: ParallelGCFailedAllocation
Event: 10.571 Executing VM operation: ParallelGCFailedAllocation done
Event: 10.990 Thread 0x0000000020f28000 Thread added: 0x0000000020f28000
Event: 10.990 Thread 0x0000000020f28800 Thread added: 0x0000000020f28800
Event: 10.990 Thread 0x0000000020f28800 Thread exited: 0x0000000020f28800
Event: 11.016 Thread 0x000000001ca85800 Thread exited: 0x000000001ca85800
Event: 11.093 Thread 0x0000000020f28000 Thread exited: 0x0000000020f28000
Event: 11.095 Executing VM operation: Exit


Dynamic libraries:
0x00007ff65c5f0000 - 0x00007ff65c627000 	C:\Program Files\Java\jre1.8.0_161\bin\javaw.exe
0x00007ffbc6260000 - 0x00007ffbc6440000 	C:\WINDOWS\SYSTEM32\ntdll.dll
0x00007ffba6d50000 - 0x00007ffba6d84000 	C:\Program Files\AVAST Software\Avast\x64\aswhooka.dll
0x00007ffbc5f40000 - 0x00007ffbc5fee000 	C:\WINDOWS\System32\KERNEL32.DLL
0x00007ffbc3270000 - 0x00007ffbc34d6000 	C:\WINDOWS\System32\KERNELBASE.dll
0x00007ffbc3bb0000 - 0x00007ffbc3c51000 	C:\WINDOWS\System32\ADVAPI32.dll
0x00007ffbc3ce0000 - 0x00007ffbc3d7d000 	C:\WINDOWS\System32\msvcrt.dll
0x00007ffbc37f0000 - 0x00007ffbc384b000 	C:\WINDOWS\System32\sechost.dll
0x00007ffbc5e20000 - 0x00007ffbc5f3f000 	C:\WINDOWS\System32\RPCRT4.dll
0x00007ffbc5220000 - 0x00007ffbc53af000 	C:\WINDOWS\System32\USER32.dll
0x00007ffbc27c0000 - 0x00007ffbc27e0000 	C:\WINDOWS\System32\win32u.dll
0x00007ffbc6060000 - 0x00007ffbc6088000 	C:\WINDOWS\System32\GDI32.dll
0x00007ffbc3590000 - 0x00007ffbc3723000 	C:\WINDOWS\System32\gdi32full.dll
0x00007ffbc27e0000 - 0x00007ffbc287b000 	C:\WINDOWS\System32\msvcp_win.dll
0x00007ffbc2660000 - 0x00007ffbc2756000 	C:\WINDOWS\System32\ucrtbase.dll
0x00007ffbb5220000 - 0x00007ffbb5489000 	C:\WINDOWS\WinSxS\amd64_microsoft.windows.common-controls_6595b64144ccf1df_6.0.16299.371_none_15c7d1789365a290\COMCTL32.dll
0x00007ffbc5b10000 - 0x00007ffbc5e18000 	C:\WINDOWS\System32\combase.dll
0x00007ffbc31f0000 - 0x00007ffbc3262000 	C:\WINDOWS\System32\bcryptPrimitives.dll
0x00007ffbc3b20000 - 0x00007ffbc3b4d000 	C:\WINDOWS\System32\IMM32.DLL
0x00000000707c0000 - 0x0000000070892000 	C:\Program Files\Java\jre1.8.0_161\bin\msvcr100.dll
0x000000006e860000 - 0x000000006f0ff000 	C:\Program Files\Java\jre1.8.0_161\bin\server\jvm.dll
0x00007ffbc3a70000 - 0x00007ffbc3a78000 	C:\WINDOWS\System32\PSAPI.DLL
0x00007ffbb5fe0000 - 0x00007ffbb5fe9000 	C:\WINDOWS\SYSTEM32\WSOCK32.dll
0x00007ffbc5ff0000 - 0x00007ffbc605c000 	C:\WINDOWS\System32\WS2_32.dll
0x00007ffbb9260000 - 0x00007ffbb9283000 	C:\WINDOWS\SYSTEM32\WINMM.dll
0x00007ffbb2ad0000 - 0x00007ffbb2ada000 	C:\WINDOWS\SYSTEM32\VERSION.dll
0x00007ffbb9130000 - 0x00007ffbb915a000 	C:\WINDOWS\SYSTEM32\WINMMBASE.dll
0x00007ffbc2a50000 - 0x00007ffbc2a9a000 	C:\WINDOWS\System32\cfgmgr32.dll
0x0000000070980000 - 0x000000007098f000 	C:\Program Files\Java\jre1.8.0_161\bin\verify.dll
0x0000000070950000 - 0x0000000070979000 	C:\Program Files\Java\jre1.8.0_161\bin\java.dll
0x0000000070930000 - 0x0000000070946000 	C:\Program Files\Java\jre1.8.0_161\bin\zip.dll
0x00007ffbc3de0000 - 0x00007ffbc5216000 	C:\WINDOWS\System32\SHELL32.dll
0x00007ffbc3730000 - 0x00007ffbc37d6000 	C:\WINDOWS\System32\shcore.dll
0x00007ffbc2aa0000 - 0x00007ffbc31e7000 	C:\WINDOWS\System32\windows.storage.dll
0x00007ffbc3c60000 - 0x00007ffbc3cb1000 	C:\WINDOWS\System32\shlwapi.dll
0x00007ffbc2620000 - 0x00007ffbc2631000 	C:\WINDOWS\System32\kernel.appcore.dll
0x00007ffbc25d0000 - 0x00007ffbc261c000 	C:\WINDOWS\System32\powrprof.dll
0x00007ffbc2640000 - 0x00007ffbc265b000 	C:\WINDOWS\System32\profapi.dll
0x00007ffb66960000 - 0x00007ffb69632000 	C:\Users\mtahs\Documents\opencv\build\java\x64\opencv_java341.dll
0x00007ffbc3920000 - 0x00007ffbc3a69000 	C:\WINDOWS\System32\ole32.dll
0x00007ffbc3850000 - 0x00007ffbc3915000 	C:\WINDOWS\System32\OLEAUT32.dll
0x00007ffbaec20000 - 0x00007ffbaec49000 	C:\WINDOWS\SYSTEM32\MSVFW32.dll
0x00007ffbaec00000 - 0x00007ffbaec1f000 	C:\WINDOWS\SYSTEM32\AVIFIL32.dll
0x00007ffbaebe0000 - 0x00007ffbaebf8000 	C:\WINDOWS\SYSTEM32\AVICAP32.dll
0x00007ffbbd090000 - 0x00007ffbbd0ac000 	C:\WINDOWS\SYSTEM32\MSACM32.dll
0x000000006e6c0000 - 0x000000006e858000 	C:\Program Files\Java\jre1.8.0_161\bin\awt.dll
0x00007ffbc0370000 - 0x00007ffbc03f8000 	C:\WINDOWS\SYSTEM32\apphelp.dll
0x00007ffbc0c20000 - 0x00007ffbc0c4a000 	C:\WINDOWS\system32\DWMAPI.DLL
0x00007ffbc0800000 - 0x00007ffbc0895000 	C:\WINDOWS\system32\uxtheme.dll
0x00007ffba1520000 - 0x00007ffba163e000 	C:\WINDOWS\system32\opengl32.dll
0x00007ffba7f40000 - 0x00007ffba7f6c000 	C:\WINDOWS\SYSTEM32\GLU32.dll
0x00007ffbc5810000 - 0x00007ffbc5977000 	C:\WINDOWS\System32\MSCTF.dll
0x00007ffb9e1f0000 - 0x00007ffb9e299000 	C:\Program Files\Common Files\microsoft shared\ink\tiptsf.dll
0x0000000070770000 - 0x00000000707b7000 	C:\Program Files\Java\jre1.8.0_161\bin\fontmanager.dll
0x00007ffbb8800000 - 0x00007ffbb8898000 	C:\WINDOWS\System32\TextInputFramework.dll
0x00007ffbb8510000 - 0x00007ffbb87fe000 	C:\WINDOWS\System32\CoreUIComponents.dll
0x00007ffbbf370000 - 0x00007ffbbf44c000 	C:\WINDOWS\System32\CoreMessaging.dll
0x00007ffbc16e0000 - 0x00007ffbc1711000 	C:\WINDOWS\SYSTEM32\ntmarta.dll
0x00007ffbbea00000 - 0x00007ffbbeb36000 	C:\WINDOWS\SYSTEM32\wintypes.dll
0x00007ffbc3a80000 - 0x00007ffbc3b1e000 	C:\WINDOWS\System32\clbcatq.dll
0x00007ffbb7030000 - 0x00007ffbb7236000 	C:\Windows\System32\uiautomationcore.dll
0x00007ffbc2410000 - 0x00007ffbc24aa000 	C:\WINDOWS\SYSTEM32\sxs.dll
0x0000000070910000 - 0x000000007092a000 	C:\Program Files\Java\jre1.8.0_161\bin\net.dll
0x00007ffbc1e40000 - 0x00007ffbc1ea6000 	C:\WINDOWS\system32\mswsock.dll
0x00000000708f0000 - 0x0000000070901000 	C:\Program Files\Java\jre1.8.0_161\bin\nio.dll
0x00007ffba60b0000 - 0x00007ffba611e000 	C:\Windows\System32\OLEACC.dll
0x00007ffba0660000 - 0x00007ffba06e1000 	C:\WINDOWS\SYSTEM32\twinapi.dll
0x00007ffbc0aa0000 - 0x00007ffbc0c1b000 	C:\WINDOWS\SYSTEM32\twinapi.appcore.dll
0x00007ffbc0d10000 - 0x00007ffbc0d30000 	C:\WINDOWS\SYSTEM32\RMCLIENT.dll
0x00007ffbc2110000 - 0x00007ffbc2135000 	C:\WINDOWS\SYSTEM32\bcrypt.dll
0x0000000070720000 - 0x0000000070762000 	C:\Program Files\Java\jre1.8.0_161\bin\t2k.dll
0x00007ffbc2000000 - 0x00007ffbc2017000 	C:\WINDOWS\SYSTEM32\CRYPTSP.dll
0x00007ffbc1a40000 - 0x00007ffbc1a73000 	C:\WINDOWS\system32\rsaenh.dll
0x00007ffbc24e0000 - 0x00007ffbc2509000 	C:\WINDOWS\SYSTEM32\USERENV.dll
0x00007ffbc2020000 - 0x00007ffbc202b000 	C:\WINDOWS\SYSTEM32\CRYPTBASE.dll
0x00007ffbc1bd0000 - 0x00007ffbc1c09000 	C:\WINDOWS\SYSTEM32\IPHLPAPI.DLL
0x00007ffbc37e0000 - 0x00007ffbc37e8000 	C:\WINDOWS\System32\NSI.dll
0x00007ffbbcfc0000 - 0x00007ffbbcfd6000 	C:\WINDOWS\SYSTEM32\dhcpcsvc6.DLL
0x00007ffbbcf60000 - 0x00007ffbbcf7a000 	C:\WINDOWS\SYSTEM32\dhcpcsvc.DLL
0x00007ffba40a0000 - 0x00007ffba4160000 	C:\Users\mtahs\AppData\Local\Temp\NetworkTablesJNI6915139021418981227.dll
0x00007ffbaebc0000 - 0x00007ffbaebd8000 	C:\Windows\System32\devenum.dll
0x00007ffbc53b0000 - 0x00007ffbc57fe000 	C:\WINDOWS\System32\setupapi.dll
0x00007ffbc23c0000 - 0x00007ffbc23e7000 	C:\WINDOWS\SYSTEM32\DEVOBJ.dll
0x00007ffbc2760000 - 0x00007ffbc27b8000 	C:\WINDOWS\System32\WINTRUST.dll
0x00007ffbc25b0000 - 0x00007ffbc25c2000 	C:\WINDOWS\System32\MSASN1.dll
0x00007ffbc2880000 - 0x00007ffbc2a4e000 	C:\WINDOWS\System32\CRYPT32.dll
0x00007ffb9dde0000 - 0x00007ffb9ddea000 	C:\WINDOWS\SYSTEM32\msdmo.dll
0x00007ffba6730000 - 0x00007ffba6763000 	C:\Windows\System32\qcap.dll
0x00007ffb89110000 - 0x00007ffb892cc000 	C:\Windows\System32\quartz.dll
0x00007ffba5570000 - 0x00007ffba55be000 	C:\Windows\System32\mfksproxy.dll
0x00007ffba0f70000 - 0x00007ffba0f8d000 	C:\Windows\System32\ATL.DLL
0x00007ffbbeb40000 - 0x00007ffbbeb76000 	C:\Windows\System32\MFSENSORGROUP.dll
0x00007ffbbe610000 - 0x00007ffbbe7c3000 	C:\Windows\System32\MFPlat.DLL
0x00007ffbbe5b0000 - 0x00007ffbbe5e1000 	C:\Windows\System32\RTWorkQ.DLL
0x00007ffbbd680000 - 0x00007ffbbdac7000 	C:\Windows\System32\MFCORE.dll
0x00007ffbbd5e0000 - 0x00007ffbbd5e9000 	C:\Windows\System32\ksuser.dll
0x00007ffba52b0000 - 0x00007ffba5300000 	C:\Windows\System32\FSClient.dll
0x00007ffbc13c0000 - 0x00007ffbc146f000 	C:\Windows\System32\dxgi.dll
0x00007ffbbf450000 - 0x00007ffbbf732000 	C:\Windows\System32\d3d11.dll
0x00007ffbbe550000 - 0x00007ffbbe55a000 	C:\Windows\System32\AVRT.dll
0x00007ffbc1c10000 - 0x00007ffbc1cc6000 	C:\WINDOWS\SYSTEM32\DNSAPI.dll
0x00007ffbbd470000 - 0x00007ffbbd47c000 	C:\Windows\System32\vidcap.ax
0x00007ffba7f10000 - 0x00007ffba7f36000 	C:\Windows\System32\kswdmcap.ax
0x00007ffb94550000 - 0x00007ffb946b5000 	C:\Windows\System32\MFC42.dll
0x00007ffb663e0000 - 0x00007ffb66953000 	C:\WINDOWS\system32\IntelCameraPlugin64.dll
0x00007ffbbdb50000 - 0x00007ffbbdbca000 	C:\WINDOWS\SYSTEM32\policymanager.dll
0x00007ffbbd5f0000 - 0x00007ffbbd680000 	C:\Windows\System32\msvcp110_win.dll
0x00007ffb99650000 - 0x00007ffb9975a000 	C:\Windows\System32\MFReadWrite.dll
0x00007ffb8d240000 - 0x00007ffb8d2e0000 	C:\Windows\System32\qedit.dll
0x00007ffbc5980000 - 0x00007ffbc5a8a000 	C:\WINDOWS\System32\COMDLG32.dll
0x00007ffbbc110000 - 0x00007ffbbc2ac000 	C:\WINDOWS\WinSxS\amd64_microsoft.windows.gdiplus_6595b64144ccf1df_1.1.16299.371_none_46b2c45dedf81c5e\gdiplus.dll
0x00007ffb92580000 - 0x00007ffb92676000 	C:\Windows\System32\DDRAW.dll
0x00007ffba25a0000 - 0x00007ffba25a8000 	C:\Windows\System32\DCIMAN32.dll
0x00007ffbbb490000 - 0x00007ffbbb49c000 	C:\WINDOWS\SYSTEM32\msyuv.dll
0x00007ffbbcf50000 - 0x00007ffbbcf5a000 	C:\Windows\System32\rasadhlp.dll
0x00007ffba8a20000 - 0x00007ffba8a2a000 	C:\WINDOWS\system32\wshqos.dll
0x00007ffba6c40000 - 0x00007ffba6c48000 	C:\WINDOWS\SYSTEM32\wshtcpip.DLL
0x00007ffba6c30000 - 0x00007ffba6c38000 	C:\WINDOWS\SYSTEM32\wship6.dll
0x00007ffbc1090000 - 0x00007ffbc1258000 	C:\WINDOWS\SYSTEM32\dbghelp.dll

VM Arguments:
jvm_args: -Djava.library.path=C:\Users\mtahs\Documents\opencv\build\java\x64 -Dfile.encoding=Cp1252 
java_command: src.com.crimsonvision.Main
java_class_path (initial): C:\Program Files\Java\jre1.8.0_161\lib\resources.jar;C:\Program Files\Java\jre1.8.0_161\lib\rt.jar;C:\Program Files\Java\jre1.8.0_161\lib\jsse.jar;C:\Program Files\Java\jre1.8.0_161\lib\jce.jar;C:\Program Files\Java\jre1.8.0_161\lib\charsets.jar;C:\Program Files\Java\jre1.8.0_161\lib\jfr.jar;C:\Program Files\Java\jre1.8.0_161\lib\ext\access-bridge-64.jar;C:\Program Files\Java\jre1.8.0_161\lib\ext\cldrdata.jar;C:\Program Files\Java\jre1.8.0_161\lib\ext\dnsns.jar;C:\Program Files\Java\jre1.8.0_161\lib\ext\jaccess.jar;C:\Program Files\Java\jre1.8.0_161\lib\ext\jfxrt.jar;C:\Program Files\Java\jre1.8.0_161\lib\ext\localedata.jar;C:\Program Files\Java\jre1.8.0_161\lib\ext\nashorn.jar;C:\Program Files\Java\jre1.8.0_161\lib\ext\sunec.jar;C:\Program Files\Java\jre1.8.0_161\lib\ext\sunjce_provider.jar;C:\Program Files\Java\jre1.8.0_161\lib\ext\sunmscapi.jar;C:\Program Files\Java\jre1.8.0_161\lib\ext\sunpkcs11.jar;C:\Program Files\Java\jre1.8.0_161\lib\ext\zipfs.jar;C:\Users\mtahs\Documents\Java_Projects\VisionDetect2.0\bin;C:\Users\mtahs\Documents\opencv\build\java\opencv-341.jar;C:\Users\mtahs\Downloads\NetworkTables-3.0.0-20160107.180902-2-desktop.jar
Launcher Type: SUN_STANDARD

Environment Variables:
PATH=C:/Program Files/Java/jre1.8.0_161/bin/server;C:/Program Files/Java/jre1.8.0_161/bin;C:/Program Files/Java/jre1.8.0_161/lib/amd64;C:\Program Files (x86)\Common Files\Intel\Shared Libraries\redist\intel64\compiler;C:\ProgramData\Oracle\Java\javapath;C:\WINDOWS\system32;C:\WINDOWS;C:\WINDOWS\System32\Wbem;C:\WINDOWS\System32\WindowsPowerShell\v1.0\;C:\Users\mtahs\AppData\Local\Microsoft\WindowsApps;C:\Users\mtahs\AppData\Local\atom\bin;C:\Users\mtahs\OneDrive\Desktop;
USERNAME=mtahs
OS=Windows_NT
PROCESSOR_IDENTIFIER=Intel64 Family 6 Model 142 Stepping 10, GenuineIntel



---------------  S Y S T E M  ---------------

OS: Windows 10.0 , 64 bit Build 16299 (10.0.16299.15)

CPU:total 8 (initial active 8) (4 cores per cpu, 2 threads per core) family 6 model 142 stepping 10, cmov, cx8, fxsr, mmx, sse, sse2, sse3, ssse3, sse4.1, sse4.2, popcnt, avx, avx2, aes, clmul, erms, rtm, 3dnowpref, lzcnt, ht, tsc, tscinvbit, bmi1, bmi2, adx

Memory: 4k page, physical 8311748k(2853296k free), swap 9622468k(1215380k free)

vm_info: Java HotSpot(TM) 64-Bit Server VM (25.161-b12) for windows-amd64 JRE (1.8.0_161-b12), built on Dec 19 2017 17:52:25 by "java_re" with MS VC++ 10.0 (VS2010)

time: Wed Apr 25 22:49:55 2018
elapsed time: 12 seconds (0d 0h 0m 12s)

